This is pdfTeX, Version 3.141592653-2.6-1.40.27 (TeX Live 2025/Arch Linux) (preloaded format=pdflatex 2025.3.19)  23 MAR 2025 16:45
entering extended mode
 restricted \write18 enabled.
 %&-line parsing enabled.
**"Mutagenesis WP2.tex"
(./Mutagenesis WP2.tex
LaTeX2e <2024-11-01> patch level 2
L3 programming layer <2025-01-18>
(/usr/share/texmf-dist/tex/latex/base/article.cls
Document Class: article 2024/06/29 v1.4n Standard LaTeX document class
(/usr/share/texmf-dist/tex/latex/base/size10.clo
File: size10.clo 2024/06/29 v1.4n Standard LaTeX file (size option)
)
\c@part=\count196
\c@section=\count197
\c@subsection=\count198
\c@subsubsection=\count199
\c@paragraph=\count266
\c@subparagraph=\count267
\c@figure=\count268
\c@table=\count269
\abovecaptionskip=\skip49
\belowcaptionskip=\skip50
\bibindent=\dimen141
)
(/usr/share/texmf-dist/tex/latex/base/inputenc.sty
Package: inputenc 2024/02/08 v1.3d Input encoding file
\inpenc@prehook=\toks17
\inpenc@posthook=\toks18
)
(/usr/share/texmf-dist/tex/latex/geometry/geometry.sty
Package: geometry 2020/01/02 v5.9 Page Geometry

(/usr/share/texmf-dist/tex/latex/graphics/keyval.sty
Package: keyval 2022/05/29 v1.15 key=value parser (DPC)
\KV@toks@=\toks19
)
(/usr/share/texmf-dist/tex/generic/iftex/ifvtex.sty
Package: ifvtex 2019/10/25 v1.7 ifvtex legacy package. Use iftex instead.

(/usr/share/texmf-dist/tex/generic/iftex/iftex.sty
Package: iftex 2024/12/12 v1.0g TeX engine tests
))
\Gm@cnth=\count270
\Gm@cntv=\count271
\c@Gm@tempcnt=\count272
\Gm@bindingoffset=\dimen142
\Gm@wd@mp=\dimen143
\Gm@odd@mp=\dimen144
\Gm@even@mp=\dimen145
\Gm@layoutwidth=\dimen146
\Gm@layoutheight=\dimen147
\Gm@layouthoffset=\dimen148
\Gm@layoutvoffset=\dimen149
\Gm@dimlist=\toks20
)
(/usr/share/texmf-dist/tex/latex/tools/multicol.sty
Package: multicol 2024/09/14 v1.9i multicolumn formatting (FMi)
\c@tracingmulticols=\count273
\mult@box=\box52
\multicol@leftmargin=\dimen150
\c@unbalance=\count274
\c@collectmore=\count275
\doublecol@number=\count276
\multicoltolerance=\count277
\multicolpretolerance=\count278
\full@width=\dimen151
\page@free=\dimen152
\premulticols=\dimen153
\postmulticols=\dimen154
\multicolsep=\skip51
\multicolbaselineskip=\skip52
\partial@page=\box53
\last@line=\box54
\mc@boxedresult=\box55
\maxbalancingoverflow=\dimen155
\mult@rightbox=\box56
\mult@grightbox=\box57
\mult@firstbox=\box58
\mult@gfirstbox=\box59
\@tempa=\box60
\@tempa=\box61
\@tempa=\box62
\@tempa=\box63
\@tempa=\box64
\@tempa=\box65
\@tempa=\box66
\@tempa=\box67
\@tempa=\box68
\@tempa=\box69
\@tempa=\box70
\@tempa=\box71
\@tempa=\box72
\@tempa=\box73
\@tempa=\box74
\@tempa=\box75
\@tempa=\box76
\@tempa=\box77
\@tempa=\box78
\@tempa=\box79
\@tempa=\box80
\@tempa=\box81
\@tempa=\box82
\@tempa=\box83
\@tempa=\box84
\@tempa=\box85
\@tempa=\box86
\@tempa=\box87
\@tempa=\box88
\@tempa=\box89
\@tempa=\box90
\@tempa=\box91
\@tempa=\box92
\@tempa=\box93
\@tempa=\box94
\@tempa=\box95
\c@minrows=\count279
\c@columnbadness=\count280
\c@finalcolumnbadness=\count281
\last@try=\dimen156
\multicolovershoot=\dimen157
\multicolundershoot=\dimen158
\mult@nat@firstbox=\box96
\colbreak@box=\box97
\mc@col@check@num=\count282
)
(/usr/share/texmf-dist/tex/latex/graphics/graphicx.sty
Package: graphicx 2021/09/16 v1.2d Enhanced LaTeX Graphics (DPC,SPQR)

(/usr/share/texmf-dist/tex/latex/graphics/graphics.sty
Package: graphics 2024/08/06 v1.4g Standard LaTeX Graphics (DPC,SPQR)

(/usr/share/texmf-dist/tex/latex/graphics/trig.sty
Package: trig 2023/12/02 v1.11 sin cos tan (DPC)
)
(/usr/share/texmf-dist/tex/latex/graphics-cfg/graphics.cfg
File: graphics.cfg 2016/06/04 v1.11 sample graphics configuration
)
Package graphics Info: Driver file: pdftex.def on input line 106.

(/usr/share/texmf-dist/tex/latex/graphics-def/pdftex.def
File: pdftex.def 2024/04/13 v1.2c Graphics/color driver for pdftex
))
\Gin@req@height=\dimen159
\Gin@req@width=\dimen160
)
(/usr/share/texmf-dist/tex/latex/amsmath/amsmath.sty
Package: amsmath 2024/11/05 v2.17t AMS math features
\@mathmargin=\skip53

For additional information on amsmath, use the `?' option.
(/usr/share/texmf-dist/tex/latex/amsmath/amstext.sty
Package: amstext 2021/08/26 v2.01 AMS text

(/usr/share/texmf-dist/tex/latex/amsmath/amsgen.sty
File: amsgen.sty 1999/11/30 v2.0 generic functions
\@emptytoks=\toks21
\ex@=\dimen161
))
(/usr/share/texmf-dist/tex/latex/amsmath/amsbsy.sty
Package: amsbsy 1999/11/29 v1.2d Bold Symbols
\pmbraise@=\dimen162
)
(/usr/share/texmf-dist/tex/latex/amsmath/amsopn.sty
Package: amsopn 2022/04/08 v2.04 operator names
)
\inf@bad=\count283
LaTeX Info: Redefining \frac on input line 233.
\uproot@=\count284
\leftroot@=\count285
LaTeX Info: Redefining \overline on input line 398.
LaTeX Info: Redefining \colon on input line 409.
\classnum@=\count286
\DOTSCASE@=\count287
LaTeX Info: Redefining \ldots on input line 495.
LaTeX Info: Redefining \dots on input line 498.
LaTeX Info: Redefining \cdots on input line 619.
\Mathstrutbox@=\box98
\strutbox@=\box99
LaTeX Info: Redefining \big on input line 721.
LaTeX Info: Redefining \Big on input line 722.
LaTeX Info: Redefining \bigg on input line 723.
LaTeX Info: Redefining \Bigg on input line 724.
\big@size=\dimen163
LaTeX Font Info:    Redeclaring font encoding OML on input line 742.
LaTeX Font Info:    Redeclaring font encoding OMS on input line 743.
\macc@depth=\count288
LaTeX Info: Redefining \bmod on input line 904.
LaTeX Info: Redefining \pmod on input line 909.
LaTeX Info: Redefining \smash on input line 939.
LaTeX Info: Redefining \relbar on input line 969.
LaTeX Info: Redefining \Relbar on input line 970.
\c@MaxMatrixCols=\count289
\dotsspace@=\muskip17
\c@parentequation=\count290
\dspbrk@lvl=\count291
\tag@help=\toks22
\row@=\count292
\column@=\count293
\maxfields@=\count294
\andhelp@=\toks23
\eqnshift@=\dimen164
\alignsep@=\dimen165
\tagshift@=\dimen166
\tagwidth@=\dimen167
\totwidth@=\dimen168
\lineht@=\dimen169
\@envbody=\toks24
\multlinegap=\skip54
\multlinetaggap=\skip55
\mathdisplay@stack=\toks25
LaTeX Info: Redefining \[ on input line 2953.
LaTeX Info: Redefining \] on input line 2954.
)
(/usr/share/texmf-dist/tex/latex/abstract/abstract.sty
Package: abstract 2009/06/08 v1.2a configurable abstracts
\abstitleskip=\skip56
\absleftindent=\skip57
\absrightindent=\skip58
\absparindent=\skip59
\absparsep=\skip60
)
(/usr/share/texmf-dist/tex/latex/booktabs/booktabs.sty
Package: booktabs 2020/01/12 v1.61803398 Publication quality tables
\heavyrulewidth=\dimen170
\lightrulewidth=\dimen171
\cmidrulewidth=\dimen172
\belowrulesep=\dimen173
\belowbottomsep=\dimen174
\aboverulesep=\dimen175
\abovetopsep=\dimen176
\cmidrulesep=\dimen177
\cmidrulekern=\dimen178
\defaultaddspace=\dimen179
\@cmidla=\count295
\@cmidlb=\count296
\@aboverulesep=\dimen180
\@belowrulesep=\dimen181
\@thisruleclass=\count297
\@lastruleclass=\count298
\@thisrulewidth=\dimen182
)
(/usr/share/texmf-dist/tex/latex/float/float.sty
Package: float 2001/11/08 v1.3d Float enhancements (AL)
\c@float@type=\count299
\float@exts=\toks26
\float@box=\box100
\@float@everytoks=\toks27
\@floatcapt=\box101
)
(/usr/share/texmf-dist/tex/latex/cite/cite.sty
LaTeX Info: Redefining \cite on input line 302.
LaTeX Info: Redefining \nocite on input line 332.
Package: cite 2015/02/27  v 5.5
)
(/usr/share/texmf-dist/tex/latex/pdfpages/pdfpages.sty
Package: pdfpages 2025/01/30 v0.6e Insert pages of external PDF documents (AM)

(/usr/share/texmf-dist/tex/latex/base/ifthen.sty
Package: ifthen 2024/03/16 v1.1e Standard LaTeX ifthen package (DPC)
)
(/usr/share/texmf-dist/tex/latex/tools/calc.sty
Package: calc 2023/07/08 v4.3 Infix arithmetic (KKT,FJ)
\calc@Acount=\count300
\calc@Bcount=\count301
\calc@Adimen=\dimen183
\calc@Bdimen=\dimen184
\calc@Askip=\skip61
\calc@Bskip=\skip62
LaTeX Info: Redefining \setlength on input line 80.
LaTeX Info: Redefining \addtolength on input line 81.
\calc@Ccount=\count302
\calc@Cskip=\skip63
)
(/usr/share/texmf-dist/tex/latex/eso-pic/eso-pic.sty
Package: eso-pic 2023/05/03 v3.0c eso-pic (RN)
\ESO@tempdima=\dimen185
\ESO@tempdimb=\dimen186

(/usr/share/texmf-dist/tex/latex/xcolor/xcolor.sty
Package: xcolor 2024/09/29 v3.02 LaTeX color extensions (UK)

(/usr/share/texmf-dist/tex/latex/graphics-cfg/color.cfg
File: color.cfg 2016/01/02 v1.6 sample color configuration
)
Package xcolor Info: Driver file: pdftex.def on input line 274.

(/usr/share/texmf-dist/tex/latex/graphics/mathcolor.ltx)
Package xcolor Info: Model `cmy' substituted by `cmy0' on input line 1349.
Package xcolor Info: Model `hsb' substituted by `rgb' on input line 1353.
Package xcolor Info: Model `RGB' extended on input line 1365.
Package xcolor Info: Model `HTML' substituted by `rgb' on input line 1367.
Package xcolor Info: Model `Hsb' substituted by `hsb' on input line 1368.
Package xcolor Info: Model `tHsb' substituted by `hsb' on input line 1369.
Package xcolor Info: Model `HSB' substituted by `hsb' on input line 1370.
Package xcolor Info: Model `Gray' substituted by `gray' on input line 1371.
Package xcolor Info: Model `wave' substituted by `hsb' on input line 1372.
))
(/usr/share/texmf-dist/tex/latex/etoolbox/etoolbox.sty
Package: etoolbox 2025/02/11 v2.5l e-TeX tools for LaTeX (JAW)
\etb@tempcnta=\count303
)
\AM@pagewidth=\dimen187
\AM@pageheight=\dimen188
\AM@fboxrule=\dimen189

(/usr/share/texmf-dist/tex/latex/pdfpages/pppdftex.def
File: pppdftex.def 2025/01/30 v0.6e Pdfpages driver for pdfTeX (AM)
)
\pdfpages@includegraphics@status=\count304
\AM@pagebox=\box102
\AM@global@opts=\toks28
\AM@pagecnt=\count305
\AM@toc@title=\toks29
\AM@lof@heading=\toks30
\c@AM@survey=\count306
\AM@templatesizebox=\box103
)
(/usr/share/texmf-dist/tex/latex/l3backend/l3backend-pdftex.def
File: l3backend-pdftex.def 2024-05-08 L3 backend support: PDF output (pdfTeX)
\l__color_backend_stack_int=\count307
\l__pdf_internal_box=\box104
)
No file "Mutagenesis WP2".aux.
\openout1 = `"Mutagenesis WP2.aux"'.

LaTeX Font Info:    Checking defaults for OML/cmm/m/it on input line 21.
LaTeX Font Info:    ... okay on input line 21.
LaTeX Font Info:    Checking defaults for OMS/cmsy/m/n on input line 21.
LaTeX Font Info:    ... okay on input line 21.
LaTeX Font Info:    Checking defaults for OT1/cmr/m/n on input line 21.
LaTeX Font Info:    ... okay on input line 21.
LaTeX Font Info:    Checking defaults for T1/cmr/m/n on input line 21.
LaTeX Font Info:    ... okay on input line 21.
LaTeX Font Info:    Checking defaults for TS1/cmr/m/n on input line 21.
LaTeX Font Info:    ... okay on input line 21.
LaTeX Font Info:    Checking defaults for OMX/cmex/m/n on input line 21.
LaTeX Font Info:    ... okay on input line 21.
LaTeX Font Info:    Checking defaults for U/cmr/m/n on input line 21.
LaTeX Font Info:    ... okay on input line 21.
*geometry* driver: auto-detecting
*geometry* detected driver: pdftex
*geometry* verbose mode - [ preamble ] result:
* driver: pdftex
* paper: a4paper
* layout: <same size as paper>
* layoutoffset:(h,v)=(0.0pt,0.0pt)
* modes: 
* h-part:(L,W,R)=(45.52458pt, 506.45871pt, 45.52458pt)
* v-part:(T,H,B)=(56.9055pt, 731.23584pt, 56.9055pt)
* \paperwidth=597.50787pt
* \paperheight=845.04684pt
* \textwidth=506.45871pt
* \textheight=731.23584pt
* \oddsidemargin=-26.7454pt
* \evensidemargin=-26.7454pt
* \topmargin=-52.36449pt
* \headheight=12.0pt
* \headsep=25.0pt
* \topskip=10.0pt
* \footskip=30.0pt
* \marginparwidth=57.0pt
* \marginparsep=11.0pt
* \columnsep=10.0pt
* \skip\footins=9.0pt plus 4.0pt minus 2.0pt
* \hoffset=0.0pt
* \voffset=0.0pt
* \mag=1000
* \@twocolumnfalse
* \@twosidefalse
* \@mparswitchfalse
* \@reversemarginfalse
* (1in=72.27pt=25.4mm, 1cm=28.453pt)

(/usr/share/texmf-dist/tex/context/base/mkii/supp-pdf.mkii
[Loading MPS to PDF converter (version 2006.09.02).]
\scratchcounter=\count308
\scratchdimen=\dimen190
\scratchbox=\box105
\nofMPsegments=\count309
\nofMParguments=\count310
\everyMPshowfont=\toks31
\MPscratchCnt=\count311
\MPscratchDim=\dimen191
\MPnumerator=\count312
\makeMPintoPDFobject=\count313
\everyMPtoPDFconversion=\toks32
) (/usr/share/texmf-dist/tex/latex/epstopdf-pkg/epstopdf-base.sty
Package: epstopdf-base 2020-01-24 v2.11 Base part for package epstopdf
Package epstopdf-base Info: Redefining graphics rule for `.eps' on input line 4
85.

(/usr/share/texmf-dist/tex/latex/latexconfig/epstopdf-sys.cfg
File: epstopdf-sys.cfg 2010/07/13 v1.3 Configuration of (r)epstopdf for TeX Liv
e
))
(/usr/share/texmf-dist/tex/latex/pdflscape/pdflscape.sty
Package: pdflscape 2022-10-27 v0.13 Display of landscape pages in PDF

(/usr/share/texmf-dist/tex/latex/pdflscape/pdflscape-nometadata.sty
Package: pdflscape-nometadata 2022-10-28 v0.13 Display of landscape pages in PD
F (HO)

(/usr/share/texmf-dist/tex/latex/graphics/lscape.sty
Package: lscape 2020/05/28 v3.02 Landscape Pages (DPC)
)
Package pdflscape Info: Auto-detected driver: pdftex on input line 81.
))

LaTeX Warning: Citation `chaudhary2019mutagenesis' on page 1 undefined on input
 line 45.


LaTeX Warning: Citation `brusick1980evaluation' on page 1 undefined on input li
ne 45.


LaTeX Warning: Citation `ohta2002characterization' on page 1 undefined on input
 line 45.


LaTeX Warning: Citation `grzesiuk1994frequency' on page 1 undefined on input li
ne 49.


LaTeX Warning: Citation `sobol2002mutations' on page 1 undefined on input line 
49.


LaTeX Warning: Citation `brash1982uv' on page 1 undefined on input line 49.


LaTeX Warning: Citation `ikehata2011mechanisms' on page 1 undefined on input li
ne 49.

LaTeX Font Info:    Trying to load font information for OML+cmr on input line 6
7.
(/usr/share/texmf-dist/tex/latex/base/omlcmr.fd
File: omlcmr.fd 2024/11/19 v2.5n Standard LaTeX font definitions
)
LaTeX Font Info:    Font shape `OML/cmr/m/n' in size <8> not available
(Font)              Font shape `OML/cmm/m/it' tried instead on input line 67.
 [1

{/var/lib/texmf/fonts/map/pdftex/updmap/pdftex.map}{/usr/share/texmf-dist/fonts
/enc/dvips/cm-super/cm-super-ts1.enc}]
<picture/1-4.png, id=20, 731.1315pt x 885.3075pt>
File: picture/1-4.png Graphic file (type png)
<use picture/1-4.png>
Package pdftex.def Info: picture/1-4.png  used on input line 176.
(pdftex.def)             Requested size: 243.098pt x 294.3543pt.
 [2]
<picture/5-6.png, id=28, 709.6914pt x 437.4744pt>
File: picture/5-6.png Graphic file (type png)
<use picture/5-6.png>
Package pdftex.def Info: picture/5-6.png  used on input line 186.
(pdftex.def)             Requested size: 243.098pt x 149.84741pt.


LaTeX Warning: Citation `krishna2007uv' on page 3 undefined on input line 191.

<picture/7-10.png, id=29, 708.7278pt x 867.9627pt>
File: picture/7-10.png Graphic file (type png)
<use picture/7-10.png>
Package pdftex.def Info: picture/7-10.png  used on input line 196.
(pdftex.def)             Requested size: 243.098pt x 297.7125pt.

LaTeX Warning: Citation `grzesiuk1998role' on page 3 undefined on input line 20
1.

[3 <./picture/1-4.png> <./picture/5-6.png> <./picture/7-10.png>]
<picture/11-12.png, id=36, 709.6914pt x 437.4744pt>
File: picture/11-12.png Graphic file (type png)
<use picture/11-12.png>
Package pdftex.def Info: picture/11-12.png  used on input line 206.
(pdftex.def)             Requested size: 243.098pt x 149.84741pt.


LaTeX Warning: Citation `ikehata2011mechanisms' on page 4 undefined on input li
ne 242.


LaTeX Warning: Citation `green1976mutagen' on page 4 undefined on input line 24
6.

No file "Mutagenesis WP2".bbl.
<question.pdf, id=37, 597.53635pt x 845.04686pt>
File: question.pdf Graphic file (type pdf)
<use question.pdf>
Package pdftex.def Info: question.pdf  used on input line 253.
(pdftex.def)             Requested size: 597.53488pt x 845.0448pt.
<question.pdf, id=39, page=1, 597.53635pt x 845.04686pt>
File: question.pdf Graphic file (type pdf)
<use question.pdf, page 1>
Package pdftex.def Info: question.pdf , page1 used on input line 253.
(pdftex.def)             Requested size: 597.53488pt x 845.0448pt.
File: question.pdf Graphic file (type pdf)
<use question.pdf, page 1>
Package pdftex.def Info: question.pdf , page1 used on input line 253.
(pdftex.def)             Requested size: 597.56223pt x 845.08348pt.


[4 <./picture/11-12.png>]
File: question.pdf Graphic file (type pdf)
<use question.pdf, page 1>
Package pdftex.def Info: question.pdf , page1 used on input line 253.
(pdftex.def)             Requested size: 597.56223pt x 845.08348pt.
File: question.pdf Graphic file (type pdf)
<use question.pdf, page 1>
Package pdftex.def Info: question.pdf , page1 used on input line 253.
(pdftex.def)             Requested size: 597.56223pt x 845.08348pt.


File: question.pdf Graphic file (type pdf)
<use question.pdf, page 1>
Package pdftex.def Info: question.pdf , page1 used on input line 253.
(pdftex.def)             Requested size: 597.56223pt x 845.08348pt.
[5

 <./question.pdf>]
<question.pdf, id=68, page=2, 597.53635pt x 845.04686pt>
File: question.pdf Graphic file (type pdf)
<use question.pdf, page 2>
Package pdftex.def Info: question.pdf , page2 used on input line 253.
(pdftex.def)             Requested size: 597.56223pt x 845.08348pt.
File: question.pdf Graphic file (type pdf)
<use question.pdf, page 2>
Package pdftex.def Info: question.pdf , page2 used on input line 253.
(pdftex.def)             Requested size: 597.56223pt x 845.08348pt.


File: question.pdf Graphic file (type pdf)
<use question.pdf, page 2>
Package pdftex.def Info: question.pdf , page2 used on input line 253.
(pdftex.def)             Requested size: 597.56223pt x 845.08348pt.
[6

 <./question.pdf>]
<question.pdf, id=72, page=3, 597.53635pt x 845.04686pt>
File: question.pdf Graphic file (type pdf)
<use question.pdf, page 3>
Package pdftex.def Info: question.pdf , page3 used on input line 253.
(pdftex.def)             Requested size: 597.56223pt x 845.08348pt.
File: question.pdf Graphic file (type pdf)
<use question.pdf, page 3>
Package pdftex.def Info: question.pdf , page3 used on input line 253.
(pdftex.def)             Requested size: 597.56223pt x 845.08348pt.


File: question.pdf Graphic file (type pdf)
<use question.pdf, page 3>
Package pdftex.def Info: question.pdf , page3 used on input line 253.
(pdftex.def)             Requested size: 597.56223pt x 845.08348pt.
[7

 <./question.pdf>]
<question.pdf, id=77, page=4, 597.53635pt x 845.04686pt>
File: question.pdf Graphic file (type pdf)
<use question.pdf, page 4>
Package pdftex.def Info: question.pdf , page4 used on input line 253.
(pdftex.def)             Requested size: 597.56223pt x 845.08348pt.
File: question.pdf Graphic file (type pdf)
<use question.pdf, page 4>
Package pdftex.def Info: question.pdf , page4 used on input line 253.
(pdftex.def)             Requested size: 597.56223pt x 845.08348pt.


File: question.pdf Graphic file (type pdf)
<use question.pdf, page 4>
Package pdftex.def Info: question.pdf , page4 used on input line 253.
(pdftex.def)             Requested size: 597.56223pt x 845.08348pt.
[8

 <./question.pdf>]
<question.pdf, id=81, page=5, 597.53635pt x 845.04686pt>
File: question.pdf Graphic file (type pdf)
<use question.pdf, page 5>
Package pdftex.def Info: question.pdf , page5 used on input line 253.
(pdftex.def)             Requested size: 597.56223pt x 845.08348pt.
File: question.pdf Graphic file (type pdf)
<use question.pdf, page 5>
Package pdftex.def Info: question.pdf , page5 used on input line 253.
(pdftex.def)             Requested size: 597.56223pt x 845.08348pt.


File: question.pdf Graphic file (type pdf)
<use question.pdf, page 5>
Package pdftex.def Info: question.pdf , page5 used on input line 253.
(pdftex.def)             Requested size: 597.56223pt x 845.08348pt.
[9

 <./question.pdf>]
<evaluation.pdf, id=85, 597.22334pt x 845.1322pt>
File: evaluation.pdf Graphic file (type pdf)
<use evaluation.pdf>
Package pdftex.def Info: evaluation.pdf  used on input line 254.
(pdftex.def)             Requested size: 597.22188pt x 845.13014pt.
<evaluation.pdf, id=87, page=1, 597.22334pt x 845.1322pt>
File: evaluation.pdf Graphic file (type pdf)
<use evaluation.pdf, page 1>
Package pdftex.def Info: evaluation.pdf , page1 used on input line 254.
(pdftex.def)             Requested size: 597.22188pt x 845.13014pt.
File: evaluation.pdf Graphic file (type pdf)
<use evaluation.pdf, page 1>
Package pdftex.def Info: evaluation.pdf , page1 used on input line 254.
(pdftex.def)             Requested size: 597.2492pt x 845.16882pt.
File: evaluation.pdf Graphic file (type pdf)
<use evaluation.pdf, page 1>
Package pdftex.def Info: evaluation.pdf , page1 used on input line 254.
(pdftex.def)             Requested size: 597.2492pt x 845.16882pt.
File: evaluation.pdf Graphic file (type pdf)
<use evaluation.pdf, page 1>
Package pdftex.def Info: evaluation.pdf , page1 used on input line 254.
(pdftex.def)             Requested size: 597.2492pt x 845.16882pt.


File: evaluation.pdf Graphic file (type pdf)
<use evaluation.pdf, page 1>
Package pdftex.def Info: evaluation.pdf , page1 used on input line 254.
(pdftex.def)             Requested size: 597.2492pt x 845.16882pt.
[10

 <./evaluation.pdf>] (./Mutagenesis WP2.aux)
 ***********
LaTeX2e <2024-11-01> patch level 2
L3 programming layer <2025-01-18>
 ***********


LaTeX Warning: There were undefined references.


LaTeX Warning: Label(s) may have changed. Rerun to get cross-references right.

 ) 
Here is how much of TeX's memory you used:
 4879 strings out of 475160
 74615 string characters out of 5766580
 501568 words of memory out of 5000000
 27816 multiletter control sequences out of 15000+600000
 566857 words of font info for 63 fonts, out of 8000000 for 9000
 14 hyphenation exceptions out of 8191
 68i,17n,77p,1730b,439s stack positions out of 10000i,1000n,20000p,200000b,200000s
</usr/share/texmf-dist/fonts/type1/public/amsfonts/cm/cmbx10.pfb></usr/share/
texmf-dist/fonts/type1/public/amsfonts/cm/cmbx12.pfb></usr/share/texmf-dist/fon
ts/type1/public/amsfonts/cm/cmbx8.pfb></usr/share/texmf-dist/fonts/type1/public
/amsfonts/cm/cmbxti10.pfb></usr/share/texmf-dist/fonts/type1/public/amsfonts/cm
/cmmi10.pfb></usr/share/texmf-dist/fonts/type1/public/amsfonts/cm/cmmi8.pfb></u
sr/share/texmf-dist/fonts/type1/public/amsfonts/cm/cmr10.pfb></usr/share/texmf-
dist/fonts/type1/public/amsfonts/cm/cmr12.pfb></usr/share/texmf-dist/fonts/type
1/public/amsfonts/cm/cmr6.pfb></usr/share/texmf-dist/fonts/type1/public/amsfont
s/cm/cmr7.pfb></usr/share/texmf-dist/fonts/type1/public/amsfonts/cm/cmr8.pfb></
usr/share/texmf-dist/fonts/type1/public/amsfonts/cm/cmsy10.pfb></usr/share/texm
f-dist/fonts/type1/public/amsfonts/cm/cmsy6.pfb></usr/share/texmf-dist/fonts/ty
pe1/public/amsfonts/cm/cmsy7.pfb></usr/share/texmf-dist/fonts/type1/public/amsf
onts/cm/cmti9.pfb></usr/share/texmf-dist/fonts/type1/public/cm-super/sfrm0800.p
fb></usr/share/texmf-dist/fonts/type1/public/cm-super/sfrm1000.pfb>
Output written on "Mutagenesis WP2.pdf" (10 pages, 28686827 bytes).
PDF statistics:
 196 PDF objects out of 1000 (max. 8388607)
 109 compressed objects within 2 object streams
 0 named destinations out of 1000 (max. 500000)
 71 words of extra memory for PDF output out of 10000 (max. 10000000)

