This is pdfTeX, Version 3.141592653-2.6-1.40.25 (TeX Live 2023/Arch Linux) (preloaded format=pdflatex 2024.2.23)  19 MAR 2024 23:39
entering extended mode
 restricted \write18 enabled.
 %&-line parsing enabled.
**template.tex
(./template.tex
LaTeX2e <2022-11-01> patch level 1
L3 programming layer <2023-02-22>
(/usr/share/texmf-dist/tex/latex/base/article.cls
Document Class: article 2022/07/02 v1.4n Standard LaTeX document class
(/usr/share/texmf-dist/tex/latex/base/size10.clo
File: size10.clo 2022/07/02 v1.4n Standard LaTeX file (size option)
)
\c@part=\count185
\c@section=\count186
\c@subsection=\count187
\c@subsubsection=\count188
\c@paragraph=\count189
\c@subparagraph=\count190
\c@figure=\count191
\c@table=\count192
\abovecaptionskip=\skip48
\belowcaptionskip=\skip49
\bibindent=\dimen140
)
(/usr/share/texmf-dist/tex/latex/base/inputenc.sty
Package: inputenc 2021/02/14 v1.3d Input encoding file
\inpenc@prehook=\toks16
\inpenc@posthook=\toks17
)
(/usr/share/texmf-dist/tex/latex/geometry/geometry.sty
Package: geometry 2020/01/02 v5.9 Page Geometry

(/usr/share/texmf-dist/tex/latex/graphics/keyval.sty
Package: keyval 2022/05/29 v1.15 key=value parser (DPC)
\KV@toks@=\toks18
)
(/usr/share/texmf-dist/tex/generic/iftex/ifvtex.sty
Package: ifvtex 2019/10/25 v1.7 ifvtex legacy package. Use iftex instead.

(/usr/share/texmf-dist/tex/generic/iftex/iftex.sty
Package: iftex 2022/02/03 v1.0f TeX engine tests
))
\Gm@cnth=\count193
\Gm@cntv=\count194
\c@Gm@tempcnt=\count195
\Gm@bindingoffset=\dimen141
\Gm@wd@mp=\dimen142
\Gm@odd@mp=\dimen143
\Gm@even@mp=\dimen144
\Gm@layoutwidth=\dimen145
\Gm@layoutheight=\dimen146
\Gm@layouthoffset=\dimen147
\Gm@layoutvoffset=\dimen148
\Gm@dimlist=\toks19
)
(/usr/share/texmf-dist/tex/latex/tools/multicol.sty
Package: multicol 2021/11/30 v1.9d multicolumn formatting (FMi)
\c@tracingmulticols=\count196
\mult@box=\box51
\multicol@leftmargin=\dimen149
\c@unbalance=\count197
\c@collectmore=\count198
\doublecol@number=\count199
\multicoltolerance=\count266
\multicolpretolerance=\count267
\full@width=\dimen150
\page@free=\dimen151
\premulticols=\dimen152
\postmulticols=\dimen153
\multicolsep=\skip50
\multicolbaselineskip=\skip51
\partial@page=\box52
\last@line=\box53
\maxbalancingoverflow=\dimen154
\mult@rightbox=\box54
\mult@grightbox=\box55
\mult@firstbox=\box56
\mult@gfirstbox=\box57
\@tempa=\box58
\@tempa=\box59
\@tempa=\box60
\@tempa=\box61
\@tempa=\box62
\@tempa=\box63
\@tempa=\box64
\@tempa=\box65
\@tempa=\box66
\@tempa=\box67
\@tempa=\box68
\@tempa=\box69
\@tempa=\box70
\@tempa=\box71
\@tempa=\box72
\@tempa=\box73
\@tempa=\box74
\@tempa=\box75
\@tempa=\box76
\@tempa=\box77
\@tempa=\box78
\@tempa=\box79
\@tempa=\box80
\@tempa=\box81
\@tempa=\box82
\@tempa=\box83
\@tempa=\box84
\@tempa=\box85
\@tempa=\box86
\@tempa=\box87
\@tempa=\box88
\@tempa=\box89
\@tempa=\box90
\@tempa=\box91
\@tempa=\box92
\@tempa=\box93
\c@minrows=\count268
\c@columnbadness=\count269
\c@finalcolumnbadness=\count270
\last@try=\dimen155
\multicolovershoot=\dimen156
\multicolundershoot=\dimen157
\mult@nat@firstbox=\box94
\colbreak@box=\box95
\mc@col@check@num=\count271
)
(/usr/share/texmf-dist/tex/latex/graphics/graphicx.sty
Package: graphicx 2021/09/16 v1.2d Enhanced LaTeX Graphics (DPC,SPQR)

(/usr/share/texmf-dist/tex/latex/graphics/graphics.sty
Package: graphics 2022/03/10 v1.4e Standard LaTeX Graphics (DPC,SPQR)

(/usr/share/texmf-dist/tex/latex/graphics/trig.sty
Package: trig 2021/08/11 v1.11 sin cos tan (DPC)
)
(/usr/share/texmf-dist/tex/latex/graphics-cfg/graphics.cfg
File: graphics.cfg 2016/06/04 v1.11 sample graphics configuration
)
Package graphics Info: Driver file: pdftex.def on input line 107.

(/usr/share/texmf-dist/tex/latex/graphics-def/pdftex.def
File: pdftex.def 2022/09/22 v1.2b Graphics/color driver for pdftex
))
\Gin@req@height=\dimen158
\Gin@req@width=\dimen159
)
(/usr/share/texmf-dist/tex/latex/amsmath/amsmath.sty
Package: amsmath 2022/04/08 v2.17n AMS math features
\@mathmargin=\skip52

For additional information on amsmath, use the `?' option.
(/usr/share/texmf-dist/tex/latex/amsmath/amstext.sty
Package: amstext 2021/08/26 v2.01 AMS text

(/usr/share/texmf-dist/tex/latex/amsmath/amsgen.sty
File: amsgen.sty 1999/11/30 v2.0 generic functions
\@emptytoks=\toks20
\ex@=\dimen160
))
(/usr/share/texmf-dist/tex/latex/amsmath/amsbsy.sty
Package: amsbsy 1999/11/29 v1.2d Bold Symbols
\pmbraise@=\dimen161
)
(/usr/share/texmf-dist/tex/latex/amsmath/amsopn.sty
Package: amsopn 2022/04/08 v2.04 operator names
)
\inf@bad=\count272
LaTeX Info: Redefining \frac on input line 234.
\uproot@=\count273
\leftroot@=\count274
LaTeX Info: Redefining \overline on input line 399.
LaTeX Info: Redefining \colon on input line 410.
\classnum@=\count275
\DOTSCASE@=\count276
LaTeX Info: Redefining \ldots on input line 496.
LaTeX Info: Redefining \dots on input line 499.
LaTeX Info: Redefining \cdots on input line 620.
\Mathstrutbox@=\box96
\strutbox@=\box97
LaTeX Info: Redefining \big on input line 722.
LaTeX Info: Redefining \Big on input line 723.
LaTeX Info: Redefining \bigg on input line 724.
LaTeX Info: Redefining \Bigg on input line 725.
\big@size=\dimen162
LaTeX Font Info:    Redeclaring font encoding OML on input line 743.
LaTeX Font Info:    Redeclaring font encoding OMS on input line 744.
\macc@depth=\count277
LaTeX Info: Redefining \bmod on input line 905.
LaTeX Info: Redefining \pmod on input line 910.
LaTeX Info: Redefining \smash on input line 940.
LaTeX Info: Redefining \relbar on input line 970.
LaTeX Info: Redefining \Relbar on input line 971.
\c@MaxMatrixCols=\count278
\dotsspace@=\muskip16
\c@parentequation=\count279
\dspbrk@lvl=\count280
\tag@help=\toks21
\row@=\count281
\column@=\count282
\maxfields@=\count283
\andhelp@=\toks22
\eqnshift@=\dimen163
\alignsep@=\dimen164
\tagshift@=\dimen165
\tagwidth@=\dimen166
\totwidth@=\dimen167
\lineht@=\dimen168
\@envbody=\toks23
\multlinegap=\skip53
\multlinetaggap=\skip54
\mathdisplay@stack=\toks24
LaTeX Info: Redefining \[ on input line 2953.
LaTeX Info: Redefining \] on input line 2954.
)
(/usr/share/texmf-dist/tex/latex/abstract/abstract.sty
Package: abstract 2009/06/08 v1.2a configurable abstracts
\abstitleskip=\skip55
\absleftindent=\skip56
\absrightindent=\skip57
\absparindent=\skip58
\absparsep=\skip59
)
(/usr/share/texmf-dist/tex/latex/booktabs/booktabs.sty
Package: booktabs 2020/01/12 v1.61803398 Publication quality tables
\heavyrulewidth=\dimen169
\lightrulewidth=\dimen170
\cmidrulewidth=\dimen171
\belowrulesep=\dimen172
\belowbottomsep=\dimen173
\aboverulesep=\dimen174
\abovetopsep=\dimen175
\cmidrulesep=\dimen176
\cmidrulekern=\dimen177
\defaultaddspace=\dimen178
\@cmidla=\count284
\@cmidlb=\count285
\@aboverulesep=\dimen179
\@belowrulesep=\dimen180
\@thisruleclass=\count286
\@lastruleclass=\count287
\@thisrulewidth=\dimen181
)
(/usr/share/texmf-dist/tex/latex/float/float.sty
Package: float 2001/11/08 v1.3d Float enhancements (AL)
\c@float@type=\count288
\float@exts=\toks25
\float@box=\box98
\@float@everytoks=\toks26
\@floatcapt=\box99
)
(/usr/share/texmf-dist/tex/latex/cite/cite.sty
LaTeX Info: Redefining \cite on input line 302.
LaTeX Info: Redefining \nocite on input line 332.
Package: cite 2015/02/27  v 5.5
)
(/usr/share/texmf-dist/tex/latex/pdfpages/pdfpages.sty
Package: pdfpages 2022/12/19 v0.5x Insert pages of external PDF documents (AM)

(/usr/share/texmf-dist/tex/latex/base/ifthen.sty
Package: ifthen 2022/04/13 v1.1d Standard LaTeX ifthen package (DPC)
)
(/usr/share/texmf-dist/tex/latex/tools/calc.sty
Package: calc 2017/05/25 v4.3 Infix arithmetic (KKT,FJ)
\calc@Acount=\count289
\calc@Bcount=\count290
\calc@Adimen=\dimen182
\calc@Bdimen=\dimen183
\calc@Askip=\skip60
\calc@Bskip=\skip61
LaTeX Info: Redefining \setlength on input line 80.
LaTeX Info: Redefining \addtolength on input line 81.
\calc@Ccount=\count291
\calc@Cskip=\skip62
)
(/usr/share/texmf-dist/tex/latex/eso-pic/eso-pic.sty
Package: eso-pic 2020/10/14 v3.0a eso-pic (RN)
\ESO@tempdima=\dimen184
\ESO@tempdimb=\dimen185

(/usr/share/texmf-dist/tex/latex/xcolor/xcolor.sty
Package: xcolor 2022/06/12 v2.14 LaTeX color extensions (UK)

(/usr/share/texmf-dist/tex/latex/graphics-cfg/color.cfg
File: color.cfg 2016/01/02 v1.6 sample color configuration
)
Package xcolor Info: Driver file: pdftex.def on input line 227.

(/usr/share/texmf-dist/tex/latex/graphics/mathcolor.ltx)
Package xcolor Info: Model `cmy' substituted by `cmy0' on input line 1353.
Package xcolor Info: Model `hsb' substituted by `rgb' on input line 1357.
Package xcolor Info: Model `RGB' extended on input line 1369.
Package xcolor Info: Model `HTML' substituted by `rgb' on input line 1371.
Package xcolor Info: Model `Hsb' substituted by `hsb' on input line 1372.
Package xcolor Info: Model `tHsb' substituted by `hsb' on input line 1373.
Package xcolor Info: Model `HSB' substituted by `hsb' on input line 1374.
Package xcolor Info: Model `Gray' substituted by `gray' on input line 1375.
Package xcolor Info: Model `wave' substituted by `hsb' on input line 1376.
))
\AM@pagewidth=\dimen186
\AM@pageheight=\dimen187
\AM@fboxrule=\dimen188

(/usr/share/texmf-dist/tex/latex/pdfpages/pppdftex.def
File: pppdftex.def 2022/12/19 v0.5x Pdfpages driver for pdfTeX (AM)
)
\pdfpages@includegraphics@status=\count292
\AM@pagebox=\box100
\AM@global@opts=\toks27
\AM@pagecnt=\count293
\AM@toc@title=\toks28
\AM@lof@heading=\toks29
\c@AM@survey=\count294
\AM@templatesizebox=\box101
)
(/usr/share/texmf-dist/tex/latex/l3backend/l3backend-pdftex.def
File: l3backend-pdftex.def 2023-01-16 L3 backend support: PDF output (pdfTeX)
\l__color_backend_stack_int=\count295
\l__pdf_internal_box=\box102
)
(./template.aux)
\openout1 = `template.aux'.

LaTeX Font Info:    Checking defaults for OML/cmm/m/it on input line 21.
LaTeX Font Info:    ... okay on input line 21.
LaTeX Font Info:    Checking defaults for OMS/cmsy/m/n on input line 21.
LaTeX Font Info:    ... okay on input line 21.
LaTeX Font Info:    Checking defaults for OT1/cmr/m/n on input line 21.
LaTeX Font Info:    ... okay on input line 21.
LaTeX Font Info:    Checking defaults for T1/cmr/m/n on input line 21.
LaTeX Font Info:    ... okay on input line 21.
LaTeX Font Info:    Checking defaults for TS1/cmr/m/n on input line 21.
LaTeX Font Info:    ... okay on input line 21.
LaTeX Font Info:    Checking defaults for OMX/cmex/m/n on input line 21.
LaTeX Font Info:    ... okay on input line 21.
LaTeX Font Info:    Checking defaults for U/cmr/m/n on input line 21.
LaTeX Font Info:    ... okay on input line 21.

*geometry* driver: auto-detecting
*geometry* detected driver: pdftex
*geometry* verbose mode - [ preamble ] result:
* driver: pdftex
* paper: a4paper
* layout: <same size as paper>
* layoutoffset:(h,v)=(0.0pt,0.0pt)
* modes: 
* h-part:(L,W,R)=(45.52458pt, 506.45871pt, 45.52458pt)
* v-part:(T,H,B)=(56.9055pt, 731.23584pt, 56.9055pt)
* \paperwidth=597.50787pt
* \paperheight=845.04684pt
* \textwidth=506.45871pt
* \textheight=731.23584pt
* \oddsidemargin=-26.7454pt
* \evensidemargin=-26.7454pt
* \topmargin=-52.36449pt
* \headheight=12.0pt
* \headsep=25.0pt
* \topskip=10.0pt
* \footskip=30.0pt
* \marginparwidth=57.0pt
* \marginparsep=11.0pt
* \columnsep=10.0pt
* \skip\footins=9.0pt plus 4.0pt minus 2.0pt
* \hoffset=0.0pt
* \voffset=0.0pt
* \mag=1000
* \@twocolumnfalse
* \@twosidefalse
* \@mparswitchfalse
* \@reversemarginfalse
* (1in=72.27pt=25.4mm, 1cm=28.453pt)

(/usr/share/texmf-dist/tex/context/base/mkii/supp-pdf.mkii
[Loading MPS to PDF converter (version 2006.09.02).]
\scratchcounter=\count296
\scratchdimen=\dimen189
\scratchbox=\box103
\nofMPsegments=\count297
\nofMParguments=\count298
\everyMPshowfont=\toks30
\MPscratchCnt=\count299
\MPscratchDim=\dimen190
\MPnumerator=\count300
\makeMPintoPDFobject=\count301
\everyMPtoPDFconversion=\toks31
) (/usr/share/texmf-dist/tex/latex/epstopdf-pkg/epstopdf-base.sty
Package: epstopdf-base 2020-01-24 v2.11 Base part for package epstopdf
Package epstopdf-base Info: Redefining graphics rule for `.eps' on input line 4
85.

(/usr/share/texmf-dist/tex/latex/latexconfig/epstopdf-sys.cfg
File: epstopdf-sys.cfg 2010/07/13 v1.3 Configuration of (r)epstopdf for TeX Liv
e
))
(/usr/share/texmf-dist/tex/latex/pdflscape/pdflscape.sty
Package: pdflscape 2022-10-27 v0.13 Display of landscape pages in PDF

(/usr/share/texmf-dist/tex/latex/pdflscape/pdflscape-nometadata.sty
Package: pdflscape-nometadata 2022-10-28 v0.13 Display of landscape pages in PD
F (HO)

(/usr/share/texmf-dist/tex/latex/graphics/lscape.sty
Package: lscape 2020/05/28 v3.02 Landscape Pages (DPC)
)
Package pdflscape Info: Auto-detected driver: pdftex on input line 81.
))
LaTeX Font Info:    Trying to load font information for OML+cmr on input line 6
7.

(/usr/share/texmf-dist/tex/latex/base/omlcmr.fd
File: omlcmr.fd 2022/07/10 v2.5l Standard LaTeX font definitions
)
LaTeX Font Info:    Font shape `OML/cmr/m/n' in size <8> not available
(Font)              Font shape `OML/cmm/m/it' tried instead on input line 67.
 [1

{/var/lib/texmf/fonts/map/pdftex/updmap/pdftex.map}{/usr/share/texmf-dist/fonts
/enc/dvips/cm-super/cm-super-ts1.enc}]
<picture//1-4.png, id=19, 731.1315pt x 885.3075pt>
File: picture//1-4.png Graphic file (type png)
<use picture//1-4.png>
Package pdftex.def Info: picture//1-4.png  used on input line 176.
(pdftex.def)             Requested size: 243.098pt x 294.3543pt.
 [2]
<picture//5-6.png, id=27, 709.6914pt x 437.4744pt>
File: picture//5-6.png Graphic file (type png)
<use picture//5-6.png>
Package pdftex.def Info: picture//5-6.png  used on input line 186.
(pdftex.def)             Requested size: 243.098pt x 149.84741pt.
<picture//7-10.png, id=28, 708.7278pt x 867.9627pt>
File: picture//7-10.png Graphic file (type png)
<use picture//7-10.png>
Package pdftex.def Info: picture//7-10.png  used on input line 196.
(pdftex.def)             Requested size: 243.098pt x 297.7125pt.
 [3 <./picture//1-4.png> <./picture//5-6.png> <./picture//7-10.png>]
<picture//11-12.png, id=35, 709.6914pt x 437.4744pt>
File: picture//11-12.png Graphic file (type png)
<use picture//11-12.png>
Package pdftex.def Info: picture//11-12.png  used on input line 206.
(pdftex.def)             Requested size: 243.098pt x 149.84741pt.
 (./template.bbl [4 <./picture//11-12.png>])

pdfTeX warning: /usr/bin/pdflatex (file ./question.pdf): PDF inclusion: found P
DF version <1.7>, but at most version <1.5> allowed
<question.pdf, id=41, 597.53635pt x 845.04686pt>
File: question.pdf Graphic file (type pdf)
<use question.pdf>
Package pdftex.def Info: question.pdf  used on input line 253.
(pdftex.def)             Requested size: 597.53488pt x 845.0448pt.


pdfTeX warning: /usr/bin/pdflatex (file ./question.pdf): PDF inclusion: found P
DF version <1.7>, but at most version <1.5> allowed
File: question.pdf Graphic file (type pdf)
<use question.pdf>
Package pdftex.def Info: question.pdf  used on input line 253.
(pdftex.def)             Requested size: 597.53488pt x 845.0448pt.


pdfTeX warning: /usr/bin/pdflatex (file ./question.pdf): PDF inclusion: found P
DF version <1.7>, but at most version <1.5> allowed


pdfTeX warning: /usr/bin/pdflatex (file ./question.pdf): PDF inclusion: found P
DF version <1.7>, but at most version <1.5> allowed
<question.pdf, id=44, page=1, 597.53635pt x 845.04686pt>
File: question.pdf Graphic file (type pdf)
<use question.pdf, page 1>
Package pdftex.def Info: question.pdf , page1 used on input line 253.
(pdftex.def)             Requested size: 597.53488pt x 845.0448pt.
File: question.pdf Graphic file (type pdf)
<use question.pdf, page 1>
Package pdftex.def Info: question.pdf , page1 used on input line 253.
(pdftex.def)             Requested size: 597.56223pt x 845.08348pt.
[5]
File: question.pdf Graphic file (type pdf)
<use question.pdf, page 1>
Package pdftex.def Info: question.pdf , page1 used on input line 253.
(pdftex.def)             Requested size: 597.56223pt x 845.08348pt.
File: question.pdf Graphic file (type pdf)
<use question.pdf, page 1>
Package pdftex.def Info: question.pdf , page1 used on input line 253.
(pdftex.def)             Requested size: 597.56223pt x 845.08348pt.
File: question.pdf Graphic file (type pdf)
<use question.pdf, page 1>
Package pdftex.def Info: question.pdf , page1 used on input line 253.
(pdftex.def)             Requested size: 597.56223pt x 845.08348pt.
 [6 <./question.pdf>]

pdfTeX warning: /usr/bin/pdflatex (file ./question.pdf): PDF inclusion: found P
DF version <1.7>, but at most version <1.5> allowed
<question.pdf, id=72, page=2, 597.53635pt x 845.04686pt>
File: question.pdf Graphic file (type pdf)
<use question.pdf, page 2>
Package pdftex.def Info: question.pdf , page2 used on input line 253.
(pdftex.def)             Requested size: 597.56223pt x 845.08348pt.
File: question.pdf Graphic file (type pdf)
<use question.pdf, page 2>
Package pdftex.def Info: question.pdf , page2 used on input line 253.
(pdftex.def)             Requested size: 597.56223pt x 845.08348pt.
File: question.pdf Graphic file (type pdf)
<use question.pdf, page 2>
Package pdftex.def Info: question.pdf , page2 used on input line 253.
(pdftex.def)             Requested size: 597.56223pt x 845.08348pt.
[7 <./question.pdf>]

pdfTeX warning: /usr/bin/pdflatex (file ./question.pdf): PDF inclusion: found P
DF version <1.7>, but at most version <1.5> allowed
<question.pdf, id=77, page=3, 597.53635pt x 845.04686pt>
File: question.pdf Graphic file (type pdf)
<use question.pdf, page 3>
Package pdftex.def Info: question.pdf , page3 used on input line 253.
(pdftex.def)             Requested size: 597.56223pt x 845.08348pt.
File: question.pdf Graphic file (type pdf)
<use question.pdf, page 3>
Package pdftex.def Info: question.pdf , page3 used on input line 253.
(pdftex.def)             Requested size: 597.56223pt x 845.08348pt.
File: question.pdf Graphic file (type pdf)
<use question.pdf, page 3>
Package pdftex.def Info: question.pdf , page3 used on input line 253.
(pdftex.def)             Requested size: 597.56223pt x 845.08348pt.
[8 <./question.pdf>]

pdfTeX warning: /usr/bin/pdflatex (file ./question.pdf): PDF inclusion: found P
DF version <1.7>, but at most version <1.5> allowed
<question.pdf, id=81, page=4, 597.53635pt x 845.04686pt>
File: question.pdf Graphic file (type pdf)
<use question.pdf, page 4>
Package pdftex.def Info: question.pdf , page4 used on input line 253.
(pdftex.def)             Requested size: 597.56223pt x 845.08348pt.
File: question.pdf Graphic file (type pdf)
<use question.pdf, page 4>
Package pdftex.def Info: question.pdf , page4 used on input line 253.
(pdftex.def)             Requested size: 597.56223pt x 845.08348pt.
File: question.pdf Graphic file (type pdf)
<use question.pdf, page 4>
Package pdftex.def Info: question.pdf , page4 used on input line 253.
(pdftex.def)             Requested size: 597.56223pt x 845.08348pt.
[9 <./question.pdf>]

pdfTeX warning: /usr/bin/pdflatex (file ./question.pdf): PDF inclusion: found P
DF version <1.7>, but at most version <1.5> allowed
<question.pdf, id=85, page=5, 597.53635pt x 845.04686pt>
File: question.pdf Graphic file (type pdf)
<use question.pdf, page 5>
Package pdftex.def Info: question.pdf , page5 used on input line 253.
(pdftex.def)             Requested size: 597.56223pt x 845.08348pt.
File: question.pdf Graphic file (type pdf)
<use question.pdf, page 5>
Package pdftex.def Info: question.pdf , page5 used on input line 253.
(pdftex.def)             Requested size: 597.56223pt x 845.08348pt.
File: question.pdf Graphic file (type pdf)
<use question.pdf, page 5>
Package pdftex.def Info: question.pdf , page5 used on input line 253.
(pdftex.def)             Requested size: 597.56223pt x 845.08348pt.
[10 <./question.pdf>]

pdfTeX warning: /usr/bin/pdflatex (file ./evaluation.pdf): PDF inclusion: found
 PDF version <1.7>, but at most version <1.5> allowed
<evaluation.pdf, id=89, 597.22334pt x 845.1322pt>
File: evaluation.pdf Graphic file (type pdf)
<use evaluation.pdf>
Package pdftex.def Info: evaluation.pdf  used on input line 254.
(pdftex.def)             Requested size: 597.22188pt x 845.13014pt.


pdfTeX warning: /usr/bin/pdflatex (file ./evaluation.pdf): PDF inclusion: found
 PDF version <1.7>, but at most version <1.5> allowed


pdfTeX warning: /usr/bin/pdflatex (file ./evaluation.pdf): PDF inclusion: found
 PDF version <1.7>, but at most version <1.5> allowed
<evaluation.pdf, id=91, page=1, 597.22334pt x 845.1322pt>
File: evaluation.pdf Graphic file (type pdf)
<use evaluation.pdf, page 1>
Package pdftex.def Info: evaluation.pdf , page1 used on input line 254.
(pdftex.def)             Requested size: 597.22188pt x 845.13014pt.
File: evaluation.pdf Graphic file (type pdf)
<use evaluation.pdf, page 1>
Package pdftex.def Info: evaluation.pdf , page1 used on input line 254.
(pdftex.def)             Requested size: 597.2492pt x 845.16882pt.
File: evaluation.pdf Graphic file (type pdf)
<use evaluation.pdf, page 1>
Package pdftex.def Info: evaluation.pdf , page1 used on input line 254.
(pdftex.def)             Requested size: 597.2492pt x 845.16882pt.
File: evaluation.pdf Graphic file (type pdf)
<use evaluation.pdf, page 1>
Package pdftex.def Info: evaluation.pdf , page1 used on input line 254.
(pdftex.def)             Requested size: 597.2492pt x 845.16882pt.
File: evaluation.pdf Graphic file (type pdf)
<use evaluation.pdf, page 1>
Package pdftex.def Info: evaluation.pdf , page1 used on input line 254.
(pdftex.def)             Requested size: 597.2492pt x 845.16882pt.
[11 <./evaluation.pdf>] (./template.aux) ) 
Here is how much of TeX's memory you used:
 4596 strings out of 477974
 72129 string characters out of 5839547
 1874388 words of memory out of 5000000
 24725 multiletter control sequences out of 15000+600000
 519999 words of font info for 58 fonts, out of 8000000 for 9000
 14 hyphenation exceptions out of 8191
 69i,17n,75p,1721b,439s stack positions out of 10000i,1000n,20000p,200000b,200000s
</usr/share/texmf-dist/fonts/type1/pu
blic/amsfonts/cm/cmbx12.pfb></usr/share/texmf-dist/fonts/type1/public/amsfonts/
cm/cmbx8.pfb></usr/share/texmf-dist/fonts/type1/public/amsfonts/cm/cmbxti10.pfb
></usr/share/texmf-dist/fonts/type1/public/amsfonts/cm/cmmi10.pfb></usr/share/t
exmf-dist/fonts/type1/public/amsfonts/cm/cmmi8.pfb></usr/share/texmf-dist/fonts
/type1/public/amsfonts/cm/cmr10.pfb></usr/share/texmf-dist/fonts/type1/public/a
msfonts/cm/cmr12.pfb></usr/share/texmf-dist/fonts/type1/public/amsfonts/cm/cmr6
.pfb></usr/share/texmf-dist/fonts/type1/public/amsfonts/cm/cmr7.pfb></usr/share
/texmf-dist/fonts/type1/public/amsfonts/cm/cmr8.pfb></usr/share/texmf-dist/font
s/type1/public/amsfonts/cm/cmsy10.pfb></usr/share/texmf-dist/fonts/type1/public
/amsfonts/cm/cmsy6.pfb></usr/share/texmf-dist/fonts/type1/public/amsfonts/cm/cm
sy7.pfb></usr/share/texmf-dist/fonts/type1/public/amsfonts/cm/cmti10.pfb></usr/
share/texmf-dist/fonts/type1/public/amsfonts/cm/cmti9.pfb></usr/share/texmf-dis
t/fonts/type1/public/cm-super/sfrm0800.pfb></usr/share/texmf-dist/fonts/type1/p
ublic/cm-super/sfrm1000.pfb>
Output written on template.pdf (11 pages, 28697724 bytes).
PDF statistics:
 200 PDF objects out of 1000 (max. 8388607)
 111 compressed objects within 2 object streams
 0 named destinations out of 1000 (max. 500000)
 76 words of extra memory for PDF output out of 10000 (max. 10000000)

